2026-04-05 10:55:38,896 INFO Using device: cpu
2026-04-05 10:55:38,896 INFO Loading dataset metadata...
2026-04-05 10:55:41,368 INFO Generating sliding windows (5s)...
2026-04-05 10:56:05,139 INFO Assigning labels...
2026-04-05 10:56:06,157 INFO Total extracted windows across all datasets: 1622389
2026-04-05 10:56:06,158 INFO Splitting dataset and building DataLoaders...
2026-04-05 10:56:06,907 INFO Fetching a test batch to initialize dimensions...
2026-04-05 10:59:10,233 INFO Using device: cpu
2026-04-05 10:59:10,233 INFO Loading dataset metadata...
2026-04-05 10:59:10,361 INFO Generating sliding windows (5s)...
2026-04-05 10:59:23,631 INFO Assigning labels...
2026-04-05 10:59:24,604 INFO Total extracted windows across all datasets: 1622389
2026-04-05 10:59:24,605 INFO Splitting dataset and building DataLoaders...
2026-04-05 10:59:25,340 INFO Fetching a test batch to initialize dimensions...
2026-04-05 10:59:28,551 INFO EEG Channels: 23, Handcrafted Feature Dim: 276
2026-04-05 10:59:28,558 INFO Pre-training Autoencoder...
2026-04-05 11:33:05,373 INFO Using device: cpu
2026-04-05 11:33:05,374 INFO Loading dataset metadata...
2026-04-05 11:33:05,751 INFO Generating sliding windows (5s)...
2026-04-05 11:33:24,238 INFO Assigning labels...
2026-04-05 11:33:25,483 INFO Total extracted windows across all datasets: 9472
2026-04-05 11:33:25,484 INFO Splitting dataset and building DataLoaders...
2026-04-05 11:33:25,491 INFO Fetching a test batch to initialize dimensions...
2026-04-05 11:33:28,895 INFO EEG Channels: 23, Handcrafted Feature Dim: 276
2026-04-05 11:33:28,897 INFO Pre-training Autoencoder...
2026-04-05 11:39:18,625 INFO AE Epoch 1 Loss: 0.2024
2026-04-05 11:42:57,089 INFO AE Epoch 2 Loss: 0.1696
2026-04-05 11:42:57,089 INFO Autoencoder pre-training complete.
2026-04-05 11:42:57,103 INFO Initialized cnn_swin
2026-04-05 11:47:50,229 INFO Epoch 1: Train Loss = 0.4969, Val Loss = 0.5004, Val Acc = 74.19%
2026-04-05 11:47:50,266 INFO Saved new best model to D:\8thsem project\EEG_Seizure_Project\outputs\saved_models\best_cnn_swin.pth
2026-04-05 11:53:21,859 INFO Epoch 2: Train Loss = 0.4201, Val Loss = 0.5039, Val Acc = 74.75%
2026-04-05 11:58:33,529 INFO Epoch 3: Train Loss = 0.3949, Val Loss = 0.5550, Val Acc = 76.32%
2026-04-05 12:03:42,069 INFO Epoch 4: Train Loss = 0.3693, Val Loss = 0.5245, Val Acc = 75.65%
2026-04-05 12:08:53,585 INFO Epoch 5: Train Loss = 0.3608, Val Loss = 0.4672, Val Acc = 83.28%
2026-04-05 12:08:53,780 INFO Saved new best model to D:\8thsem project\EEG_Seizure_Project\outputs\saved_models\best_cnn_swin.pth
2026-04-05 12:09:46,609 INFO Using device: cpu
2026-04-05 12:09:46,609 INFO Loading dataset metadata...
2026-04-05 12:09:46,788 INFO Generating sliding windows (5s)...
2026-04-05 12:10:06,086 INFO Assigning labels...
2026-04-05 12:10:07,449 INFO Total extracted windows across all datasets: 9472
2026-04-05 12:10:07,449 INFO Splitting dataset and building DataLoaders...
2026-04-05 12:10:07,457 INFO Fetching a test batch to initialize dimensions...
2026-04-05 12:10:10,546 INFO EEG Channels: 23, Handcrafted Feature Dim: 276
2026-04-05 12:10:10,548 INFO Pre-training Autoencoder...
2026-04-05 12:12:42,944 INFO AE Epoch 1 Loss: 0.2024
2026-04-05 12:16:07,683 INFO AE Epoch 2 Loss: 0.1696
2026-04-05 12:16:07,683 INFO Autoencoder pre-training complete.
2026-04-05 12:16:07,870 INFO Initialized cnn_gnn
2026-04-05 12:20:46,251 INFO Epoch 1: Train Loss = 0.5791, Val Loss = 0.4724, Val Acc = 78.90%
2026-04-05 12:20:46,439 INFO Saved new best model to D:\8thsem project\EEG_Seizure_Project\outputs\saved_models\best_cnn_gnn.pth
2026-04-05 12:26:32,927 INFO Epoch 2: Train Loss = 0.5651, Val Loss = 0.4524, Val Acc = 82.49%
2026-04-05 12:26:33,110 INFO Saved new best model to D:\8thsem project\EEG_Seizure_Project\outputs\saved_models\best_cnn_gnn.pth
2026-04-05 12:31:47,230 INFO Epoch 3: Train Loss = 0.5658, Val Loss = 0.4640, Val Acc = 82.94%
2026-04-05 12:37:31,761 INFO Epoch 4: Train Loss = 0.5539, Val Loss = 0.4683, Val Acc = 72.73%
2026-04-05 12:43:25,001 INFO Epoch 5: Train Loss = 0.5397, Val Loss = 0.4717, Val Acc = 83.73%
2026-04-05 12:43:54,318 INFO Using device: cpu
2026-04-05 12:43:54,318 INFO Loading dataset metadata...
2026-04-05 12:43:54,613 INFO Generating sliding windows (5s)...
2026-04-05 12:44:17,710 INFO Assigning labels...
2026-04-05 12:44:19,054 INFO Total extracted windows across all datasets: 9472
2026-04-05 12:44:19,055 INFO Splitting dataset and building DataLoaders...
2026-04-05 12:44:19,063 INFO Fetching a test batch to initialize dimensions...
2026-04-05 12:44:22,483 INFO EEG Channels: 23, Handcrafted Feature Dim: 276
2026-04-05 12:44:22,667 INFO Pre-training Autoencoder...
2026-04-05 12:46:59,313 INFO AE Epoch 1 Loss: 0.2024
2026-04-05 12:50:34,740 INFO AE Epoch 2 Loss: 0.1696
2026-04-05 12:50:34,741 INFO Autoencoder pre-training complete.
2026-04-05 12:50:34,927 INFO Initialized cnn_lstm
2026-04-05 13:00:47,991 INFO Epoch 1: Train Loss = 0.5734, Val Loss = 0.4646, Val Acc = 79.12%
2026-04-05 13:00:48,004 INFO Saved new best model to D:\8thsem project\EEG_Seizure_Project\outputs\saved_models\best_cnn_lstm.pth
2026-04-05 13:07:23,580 INFO Epoch 2: Train Loss = 0.5531, Val Loss = 0.4654, Val Acc = 82.15%
2026-04-05 13:15:43,251 INFO Epoch 3: Train Loss = 0.5516, Val Loss = 0.4666, Val Acc = 78.00%
2026-04-05 13:23:40,848 INFO Epoch 4: Train Loss = 0.5501, Val Loss = 0.4382, Val Acc = 82.49%
2026-04-05 13:23:40,854 INFO Saved new best model to D:\8thsem project\EEG_Seizure_Project\outputs\saved_models\best_cnn_lstm.pth
2026-04-05 13:29:14,826 INFO Epoch 5: Train Loss = 0.5258, Val Loss = 0.4738, Val Acc = 79.91%
2026-04-11 10:41:20,191 INFO Using device: cpu
2026-04-11 10:41:20,193 INFO Loading dataset metadata...
2026-04-11 10:41:23,477 INFO Generating sliding windows (5s)...
2026-04-11 10:42:02,125 INFO Assigning labels...
2026-04-11 10:42:03,939 INFO Total extracted windows across all datasets: 5272
2026-04-11 10:42:03,939 INFO Splitting dataset and building DataLoaders...
2026-04-11 10:42:03,958 INFO Fetching a test batch to initialize dimensions...
2026-04-11 10:42:11,001 INFO EEG Channels: 23, Handcrafted Feature Dim: 276
2026-04-11 10:42:11,011 INFO Pre-training Autoencoder...
2026-04-11 10:43:04,591 INFO AE Epoch 1 Loss: 0.0329
2026-04-11 10:43:43,889 INFO AE Epoch 2 Loss: 0.0135
2026-04-11 10:43:43,891 INFO Autoencoder pre-training complete.
2026-04-11 10:43:43,928 INFO Initialized cnn_swin
2026-04-11 10:44:55,139 INFO Epoch 1: Train Loss = 0.4666, Val Loss = 0.3334, Val Acc = 90.95%
2026-04-11 10:44:55,206 INFO Saved new best model to D:\8thsem project\EEG_Seizure_Project\outputs\saved_models\best_cnn_swin.pth
2026-04-11 10:45:42,929 INFO Epoch 2: Train Loss = 0.4039, Val Loss = 0.4763, Val Acc = 84.70%
2026-04-11 10:46:30,852 INFO Epoch 3: Train Loss = 0.3872, Val Loss = 0.7879, Val Acc = 63.79%
2026-04-11 10:47:16,805 INFO Epoch 4: Train Loss = 0.3962, Val Loss = 0.3917, Val Acc = 86.42%
2026-04-11 10:48:01,361 INFO Epoch 5: Train Loss = 0.3730, Val Loss = 0.3580, Val Acc = 88.36%
2026-04-11 10:48:18,569 INFO Using device: cpu
2026-04-11 10:48:18,569 INFO Loading dataset metadata...
2026-04-11 10:48:18,748 INFO Generating sliding windows (5s)...
2026-04-11 10:48:37,735 INFO Assigning labels...
2026-04-11 10:48:38,974 INFO Total extracted windows across all datasets: 5272
2026-04-11 10:48:38,974 INFO Splitting dataset and building DataLoaders...
2026-04-11 10:48:38,983 INFO Fetching a test batch to initialize dimensions...
2026-04-11 10:48:43,088 INFO EEG Channels: 23, Handcrafted Feature Dim: 276
2026-04-11 10:48:43,092 INFO Pre-training Autoencoder...
2026-04-11 10:49:25,433 INFO AE Epoch 1 Loss: 0.0329
2026-04-11 10:50:04,645 INFO AE Epoch 2 Loss: 0.0135
2026-04-11 10:50:04,646 INFO Autoencoder pre-training complete.
2026-04-11 10:50:04,656 INFO Initialized cnn_lstm
2026-04-11 10:50:52,810 INFO Epoch 1: Train Loss = 0.5031, Val Loss = 0.3717, Val Acc = 88.79%
2026-04-11 10:50:53,003 INFO Saved new best model to D:\8thsem project\EEG_Seizure_Project\outputs\saved_models\best_cnn_lstm.pth
2026-04-11 10:51:36,185 INFO Epoch 2: Train Loss = 0.4178, Val Loss = 0.3760, Val Acc = 87.93%
2026-04-11 10:52:19,829 INFO Epoch 3: Train Loss = 0.3873, Val Loss = 0.3530, Val Acc = 89.66%
2026-04-11 10:52:19,843 INFO Saved new best model to D:\8thsem project\EEG_Seizure_Project\outputs\saved_models\best_cnn_lstm.pth
2026-04-11 10:53:02,989 INFO Epoch 4: Train Loss = 0.3675, Val Loss = 0.5543, Val Acc = 71.77%
2026-04-11 10:53:46,282 INFO Epoch 5: Train Loss = 0.3643, Val Loss = 0.3992, Val Acc = 85.56%
2026-04-11 10:54:51,936 INFO Using device: cpu
2026-04-11 10:54:51,936 INFO Loading dataset metadata...
2026-04-11 10:54:52,168 INFO Generating sliding windows (5s)...
2026-04-11 10:55:24,221 INFO Assigning labels...
2026-04-11 10:55:27,121 INFO Total extracted windows across all datasets: 5272
2026-04-11 10:55:27,122 INFO Splitting dataset and building DataLoaders...
2026-04-11 10:55:27,142 INFO Fetching a test batch to initialize dimensions...
2026-04-11 10:55:32,880 INFO EEG Channels: 23, Handcrafted Feature Dim: 276
2026-04-11 10:55:32,882 INFO Pre-training Autoencoder...
2026-04-11 10:56:17,258 INFO AE Epoch 1 Loss: 0.0329
2026-04-11 10:56:52,510 INFO AE Epoch 2 Loss: 0.0135
2026-04-11 10:56:52,510 INFO Autoencoder pre-training complete.
2026-04-11 10:56:52,847 INFO Initialized cnn_gnn
2026-04-11 10:58:20,548 INFO Using device: cpu
2026-04-11 10:58:20,549 INFO Loading dataset metadata...
2026-04-11 10:58:20,994 INFO Generating sliding windows (5s)...
2026-04-11 10:58:43,704 INFO Assigning labels...
2026-04-11 10:58:45,308 INFO Total extracted windows across all datasets: 5272
2026-04-11 10:58:45,308 INFO Splitting dataset and building DataLoaders...
2026-04-11 10:58:45,320 INFO Fetching a test batch to initialize dimensions...
2026-04-11 10:58:51,697 INFO EEG Channels: 23, Handcrafted Feature Dim: 276
2026-04-11 10:58:51,701 INFO Pre-training Autoencoder...
2026-04-11 10:59:01,063 INFO Using device: cpu
2026-04-11 10:59:01,064 INFO Loading dataset metadata...
2026-04-11 10:59:02,076 INFO Generating sliding windows (5s)...
2026-04-11 10:59:45,010 INFO Assigning labels...
2026-04-11 10:59:47,852 INFO Total extracted windows across all datasets: 5272
2026-04-11 10:59:47,853 INFO Splitting dataset and building DataLoaders...
2026-04-11 10:59:47,874 INFO Fetching a test batch to initialize dimensions...
2026-04-11 10:59:55,520 INFO AE Epoch 1 Loss: 0.0329
2026-04-11 10:59:58,398 INFO EEG Channels: 23, Handcrafted Feature Dim: 276
2026-04-11 10:59:58,422 INFO Pre-training Autoencoder...
2026-04-11 11:00:58,479 INFO AE Epoch 2 Loss: 0.0135
2026-04-11 11:00:58,481 INFO Autoencoder pre-training complete.
2026-04-11 11:00:58,911 INFO Initialized cnn_gnn
2026-04-11 11:01:22,222 INFO AE Epoch 1 Loss: 0.0329
2026-04-11 11:02:05,962 INFO Epoch 1: Train Loss = 0.5790, Val Loss = 0.3953, Val Acc = 90.30%
2026-04-11 11:02:06,201 INFO Saved new best model to D:\8thsem project\EEG_Seizure_Project\outputs\saved_models\best_cnn_gnn.pth
2026-04-11 11:02:11,446 INFO AE Epoch 2 Loss: 0.0135
2026-04-11 11:02:11,447 INFO Autoencoder pre-training complete.
2026-04-11 11:02:11,650 INFO Initialized cnn_gnn
2026-04-11 11:03:10,931 INFO Epoch 2: Train Loss = 0.5531, Val Loss = 0.3548, Val Acc = 90.30%
2026-04-11 11:03:10,946 INFO Saved new best model to D:\8thsem project\EEG_Seizure_Project\outputs\saved_models\best_cnn_gnn.pth
2026-04-11 11:03:22,841 INFO Epoch 1: Train Loss = 0.5790, Val Loss = 0.3953, Val Acc = 90.30%
2026-04-11 11:03:23,044 INFO Saved new best model to D:\8thsem project\EEG_Seizure_Project\outputs\saved_models\best_cnn_gnn.pth
2026-04-11 11:04:15,973 INFO Epoch 3: Train Loss = 0.5491, Val Loss = 0.4066, Val Acc = 89.66%
2026-04-11 11:04:30,764 INFO Epoch 2: Train Loss = 0.5531, Val Loss = 0.3548, Val Acc = 90.30%
2026-04-11 11:04:30,775 INFO Saved new best model to D:\8thsem project\EEG_Seizure_Project\outputs\saved_models\best_cnn_gnn.pth
2026-04-11 11:05:23,363 INFO Epoch 4: Train Loss = 0.5439, Val Loss = 0.3639, Val Acc = 90.95%
2026-04-11 11:05:41,237 INFO Epoch 3: Train Loss = 0.5491, Val Loss = 0.4066, Val Acc = 89.66%
2026-04-11 11:06:31,244 INFO Epoch 5: Train Loss = 0.5408, Val Loss = 0.3808, Val Acc = 90.95%
2026-04-11 11:06:44,193 INFO Epoch 4: Train Loss = 0.5439, Val Loss = 0.3639, Val Acc = 90.95%
2026-04-11 11:07:27,393 INFO Epoch 5: Train Loss = 0.5408, Val Loss = 0.3808, Val Acc = 90.95%
2026-04-11 11:31:50,250 INFO Using device: cpu
2026-04-11 11:31:50,428 INFO Loading dataset metadata...
2026-04-11 11:31:50,552 INFO Generating sliding windows (5s)...
2026-04-11 11:32:08,211 INFO Assigning labels...
2026-04-11 11:32:09,610 INFO Total extracted windows across all datasets: 5272
2026-04-11 11:32:09,610 INFO Splitting dataset and building DataLoaders...
2026-04-11 11:32:09,620 INFO Fetching a test batch to initialize dimensions...
2026-04-11 11:32:13,886 INFO EEG Channels: 23, Handcrafted Feature Dim: 276
2026-04-11 11:32:13,889 INFO Pre-training Autoencoder...
2026-04-11 11:32:58,114 INFO AE Epoch 1 Loss: 0.0329
2026-04-11 11:33:32,355 INFO AE Epoch 2 Loss: 0.0135
2026-04-11 11:33:32,355 INFO Autoencoder pre-training complete.
2026-04-11 11:33:32,542 INFO Initialized cnn_swin
2026-04-11 11:34:20,672 INFO Epoch 1: Train Loss = 0.5730, Val Loss = 0.5948, Val Acc = 84.27%
2026-04-11 11:34:20,871 INFO Saved new best model to D:\8thsem project\EEG_Seizure_Project\outputs\saved_models\best_cnn_swin.pth
2026-04-11 11:35:06,108 INFO Epoch 2: Train Loss = 0.5020, Val Loss = 0.8158, Val Acc = 68.53%
2026-04-11 11:35:52,455 INFO Epoch 3: Train Loss = 0.4854, Val Loss = 0.8770, Val Acc = 58.62%
2026-04-11 11:36:39,852 INFO Epoch 4: Train Loss = 0.4852, Val Loss = 0.5855, Val Acc = 85.56%
2026-04-11 11:36:39,867 INFO Saved new best model to D:\8thsem project\EEG_Seizure_Project\outputs\saved_models\best_cnn_swin.pth
2026-04-11 11:37:26,049 INFO Epoch 5: Train Loss = 0.4531, Val Loss = 0.5991, Val Acc = 84.48%
2026-04-11 11:37:50,472 INFO Using device: cpu
2026-04-11 11:37:50,472 INFO Loading dataset metadata...
2026-04-11 11:37:50,597 INFO Generating sliding windows (5s)...
2026-04-11 11:38:10,113 INFO Assigning labels...
2026-04-11 11:38:11,399 INFO Total extracted windows across all datasets: 5272
2026-04-11 11:38:11,399 INFO Splitting dataset and building DataLoaders...
2026-04-11 11:38:11,409 INFO Fetching a test batch to initialize dimensions...
2026-04-11 11:38:16,403 INFO EEG Channels: 23, Handcrafted Feature Dim: 276
2026-04-11 11:38:16,405 INFO Pre-training Autoencoder...
2026-04-11 11:39:00,981 INFO AE Epoch 1 Loss: 0.0329
2026-04-11 11:39:36,437 INFO AE Epoch 2 Loss: 0.0135
2026-04-11 11:39:36,438 INFO Autoencoder pre-training complete.
2026-04-11 11:39:36,443 INFO Initialized cnn_lstm
2026-04-11 11:40:23,304 INFO Epoch 1: Train Loss = 0.5942, Val Loss = 0.6335, Val Acc = 75.22%
2026-04-11 11:40:23,325 INFO Saved new best model to D:\8thsem project\EEG_Seizure_Project\outputs\saved_models\best_cnn_lstm.pth
2026-04-11 11:41:08,413 INFO Epoch 2: Train Loss = 0.5166, Val Loss = 0.5882, Val Acc = 85.13%
2026-04-11 11:41:08,419 INFO Saved new best model to D:\8thsem project\EEG_Seizure_Project\outputs\saved_models\best_cnn_lstm.pth
2026-04-11 11:41:53,478 INFO Epoch 3: Train Loss = 0.4786, Val Loss = 0.7913, Val Acc = 62.50%
2026-04-11 11:42:39,827 INFO Epoch 4: Train Loss = 0.4434, Val Loss = 1.9532, Val Acc = 18.10%
2026-04-11 11:43:25,055 INFO Epoch 5: Train Loss = 0.4438, Val Loss = 0.8249, Val Acc = 54.09%
2026-04-11 11:43:42,256 INFO Using device: cpu
2026-04-11 11:43:42,256 INFO Loading dataset metadata...
2026-04-11 11:43:42,442 INFO Generating sliding windows (5s)...
2026-04-11 11:44:05,895 INFO Assigning labels...
2026-04-11 11:44:07,101 INFO Total extracted windows across all datasets: 5272
2026-04-11 11:44:07,101 INFO Splitting dataset and building DataLoaders...
2026-04-11 11:44:07,110 INFO Fetching a test batch to initialize dimensions...
2026-04-11 11:44:11,685 INFO EEG Channels: 23, Handcrafted Feature Dim: 276
2026-04-11 11:44:11,687 INFO Pre-training Autoencoder...
2026-04-11 11:44:55,891 INFO AE Epoch 1 Loss: 0.0329
2026-04-11 11:45:30,677 INFO AE Epoch 2 Loss: 0.0135
2026-04-11 11:45:30,678 INFO Autoencoder pre-training complete.
2026-04-11 11:45:30,837 INFO Initialized cnn_gnn
2026-04-11 11:46:18,182 INFO Epoch 1: Train Loss = 0.6783, Val Loss = 0.6762, Val Acc = 59.05%
2026-04-11 11:46:18,377 INFO Saved new best model to D:\8thsem project\EEG_Seizure_Project\outputs\saved_models\best_cnn_gnn.pth
2026-04-11 11:47:03,731 INFO Epoch 2: Train Loss = 0.6726, Val Loss = 0.6357, Val Acc = 78.66%
2026-04-11 11:47:03,739 INFO Saved new best model to D:\8thsem project\EEG_Seizure_Project\outputs\saved_models\best_cnn_gnn.pth
2026-04-11 11:47:48,955 INFO Epoch 3: Train Loss = 0.6653, Val Loss = 0.6638, Val Acc = 64.66%
2026-04-11 11:48:33,518 INFO Epoch 4: Train Loss = 0.6651, Val Loss = 0.6247, Val Acc = 75.43%
2026-04-11 11:48:33,527 INFO Saved new best model to D:\8thsem project\EEG_Seizure_Project\outputs\saved_models\best_cnn_gnn.pth
2026-04-11 11:49:18,114 INFO Epoch 5: Train Loss = 0.6581, Val Loss = 0.6339, Val Acc = 70.47%
